<?xml version="1.0" encoding="UTF-8"?>
<testsuite xmlns:xsi="http://www.w3.org/2001/XMLSchema-instance" xsi:noNamespaceSchemaLocation="https://maven.apache.org/surefire/maven-surefire-plugin/xsd/surefire-test-report-3.0.xsd" version="3.0" name="com.project.ProjectApplicationTests" time="7.59" tests="1" errors="0" skipped="0" failures="0">
  <properties>
[...]
</properties>
  <testcase name="contextLoads" classname="com.project.ProjectApplicationTests" time="1.283">
    <system-out><![CDATA[00:59:26.107 [main] INFO org.springframework.test.context.support.AnnotationConfigContextLoaderUtils -- Could not detect default configuration classes for test class [com.project.ProjectApplicationTests]: ProjectApplicationTests does not declare any static, non-private, non-final, nested classes annotated with @Configuration.
00:59:26.330 [main] INFO org.springframework.boot.test.context.SpringBootTestContextBootstrapper -- Found @SpringBootConfiguration com.project.ProjectApplication for test class com.project.ProjectApplicationTests
00:59:26.642 [main] INFO org.springframework.boot.devtools.restart.RestartApplicationListener -- Restart disabled due to context in which it is running

  .   ____          _            __ _ _
 /\\ / ___'_ __ _ _(_)_ __  __ _ \ \ \ \
( ( )\___ | '_ | '_| | '_ \/ _` | \ \ \ \
 \\/  ___)| |_)| | | | | || (_| |  ) ) ) )
  '  |____| .__|_| |_|_| |_\__, | / / / /
 =========|_|==============|___/=/_/_/_/

 :: Spring Boot ::                (v3.3.5)

2025-02-15 00:59:27  INFO [ jectApplicationTests - logStarting          ] : Starting ProjectApplicationTests using Java 23.0.1 with PID 30980 (started by 한민식 in C:\Users\한민식\Desktop\software\팀 프로젝트\Project)
2025-02-15 00:59:27  INFO [ jectApplicationTests - ogStartupProfileInfo ] : No active profile set, falling back to 1 default profile: "default"
2025-02-15 00:59:27 DEBUG [ ebApplicationContext - prepareRefresh       ] : Refreshing org.springframework.web.context.support.GenericWebApplicationContext@54336c81
2025-02-15 00:59:30  INFO [ rvice.PortOneService - <init>               ] : Import key: 8677174343053326
2025-02-15 00:59:30  INFO [ rvice.PortOneService - <init>               ] : Import secret: HLTCgEIMEr1O1l4Xbk7kcCvQsFYojqs68htgpBzOgfaUz49qvXZ27RTu1z9RDzGrX1beV37h7GpIn57n
2025-02-15 00:59:30  INFO [ r.MainRestController - <init>               ] : impInit: imp25064853
2025-02-15 00:59:30  INFO [ service.EmailService - <init>               ] : FROM : hanminshik3@naver.com
2025-02-15 00:59:30  INFO [ ilsManagerConfigurer - configure            ] : Global AuthenticationManager configured with UserDetailsService bean with name securityUserDetailsService
2025-02-15 00:59:31 DEBUG [ appingHandlerMapping - erMethodsInitialized ] : 59 mappings in 'requestMappingHandlerMapping'
2025-02-15 00:59:31 DEBUG [ pleUrlHandlerMapping - logMappings          ] : Patterns [/webjars/**, /static/**] in 'resourceHandlerMapping'
2025-02-15 00:59:31 DEBUG [ tSecurityFilterChain - <init>               ] : Will secure any request with filters: DisableEncodeUrlFilter, WebAsyncManagerIntegrationFilter, SecurityContextHolderFilter, HeaderWriterFilter, CsrfFilter, LogoutFilter, OAuth2AuthorizationRequestRedirectFilter, OAuth2LoginAuthenticationFilter, UsernamePasswordAuthenticationFilter, RequestCacheAwareFilter, SecurityContextHolderAwareRequestFilter, RememberMeAuthenticationFilter, AnonymousAuthenticationFilter, ExceptionTranslationFilter, AuthorizationFilter
2025-02-15 00:59:31 DEBUG [ appingHandlerAdapter - ontrollerAdviceCache ] : ControllerAdvice beans: 0 @ModelAttribute, 0 @InitBinder, 1 RequestBodyAdvice, 1 ResponseBodyAdvice
2025-02-15 00:59:31 DEBUG [ lerExceptionResolver - onHandlerAdviceCache ] : ControllerAdvice beans: 0 @ExceptionHandler, 1 ResponseBodyAdvice
2025-02-15 00:59:32  INFO [ jectApplicationTests - logStarted           ] : Started ProjectApplicationTests in 5.484 seconds (process running for 7.62)
]]></system-out>
    <system-err><![CDATA[WARNING: A Java agent has been loaded dynamically (C:\Users\ÇѹνÄ\.m2\repository\net\bytebuddy\byte-buddy-agent\1.14.19\byte-buddy-agent-1.14.19.jar)
WARNING: If a serviceability tool is in use, please run with -XX:+EnableDynamicAgentLoading to hide this warning
WARNING: If a serviceability tool is not in use, please run with -Djdk.instrument.traceUsage for more information
WARNING: Dynamic loading of agents will be disallowed by default in a future release
]]></system-err>
  </testcase>
</testsuite>